15:35:30.621 INFO - Selenium build info: version: '3.3.0', revision: 'b526bd5'
15:35:30.621 INFO - Launching a standalone Selenium Server
2017-05-22 15:35:30.637:INFO::main: Logging initialized @220ms to org.seleniumhq.jetty9.util.log.StdErrLog
15:35:30.684 INFO - Driver class not found: com.opera.core.systems.OperaDriver
15:35:30.684 INFO - Driver provider com.opera.core.systems.OperaDriver registration is skipped:
Unable to create new instances on this machine.
15:35:30.684 INFO - Driver class not found: com.opera.core.systems.OperaDriver
15:35:30.684 INFO - Driver provider com.opera.core.systems.OperaDriver is not registered
15:35:30.684 INFO - Driver provider org.openqa.selenium.safari.SafariDriver registration is skipped:
 registration capabilities Capabilities [{browserName=safari, version=, platform=MAC}] does not match the current platform WIN10
2017-05-22 15:35:30.730:INFO:osjs.Server:main: jetty-9.2.20.v20161216
2017-05-22 15:35:30.746:INFO:osjsh.ContextHandler:main: Started o.s.j.s.ServletContextHandler@685cb137{/,null,AVAILABLE}
2017-05-22 15:35:30.840:INFO:osjs.AbstractConnector:main: Started ServerConnector@49993335{HTTP/1.1,[http/1.1]}{0.0.0.0:4444}
2017-05-22 15:35:30.840:INFO:osjs.Server:main: Started @420ms
15:35:30.840 INFO - Selenium Server is up and running
15:35:31.168 INFO - SessionCleaner initialized with insideBrowserTimeout 0 and clientGoneTimeout 1800000 polling every 180000
15:35:31.199 INFO - Executing: [new session: Capabilities [{acceptSslCerts=true, name=Testcase1, browserName=chrome, javascriptEnabled=true, chromeOptions={args=[]}, platform=ANY}]])
15:35:31.215 INFO - Creating a new session for Capabilities [{acceptSslCerts=true, name=Testcase1, browserName=chrome, javascriptEnabled=true, chromeOptions={args=[]}, platform=ANY}]
Starting ChromeDriver 2.29.461591 (62ebf098771772160f391d75e589dc567915b233) on port 32439
Only local connections are allowed.
15:35:33.596 INFO - Detected dialect: OSS
15:35:33.611 INFO - Done: [new session: Capabilities [{acceptSslCerts=true, name=Testcase1, browserName=chrome, javascriptEnabled=true, chromeOptions={args=[]}, platform=ANY}]]
15:35:33.627 INFO - Executing: [get: localhost:10000/signin])
15:35:34.269 INFO - Done: [get: localhost:10000/signin]
15:35:34.278 INFO - Executing: [find elements: By.cssSelector: body])
15:35:34.349 INFO - Done: [find elements: By.cssSelector: body]
15:35:34.353 INFO - Executing: [is displayed: 0 [[ChromeDriver: chrome on XP (0dcce709f36b748c961a2d176a539d8d)] -> css selector: body]])
15:35:34.358 INFO - Done: [is displayed: 0 [[ChromeDriver: chrome on XP (0dcce709f36b748c961a2d176a539d8d)] -> css selector: body]]
15:35:34.374 INFO - Executing: [get title])
15:35:34.374 INFO - Done: [get title]
15:35:34.374 INFO - Executing: [maximise window])
15:35:35.583 INFO - Done: [maximise window]
15:35:36.596 INFO - Executing: [find element: By.cssSelector: input[name="email"]])
15:35:36.640 INFO - Done: [find element: By.cssSelector: input[name="email"]]
15:35:36.645 INFO - Executing: [is displayed: 1 [[ChromeDriver: chrome on XP (0dcce709f36b748c961a2d176a539d8d)] -> css selector: input[name="email"]]])
15:35:36.668 INFO - Done: [is displayed: 1 [[ChromeDriver: chrome on XP (0dcce709f36b748c961a2d176a539d8d)] -> css selector: input[name="email"]]]
15:35:36.673 INFO - Executing: [find element: By.cssSelector: input[name="email"]])
15:35:36.683 INFO - Done: [find element: By.cssSelector: input[name="email"]]
15:35:36.686 INFO - Executing: [send keys: 1 [[ChromeDriver: chrome on XP (0dcce709f36b748c961a2d176a539d8d)] -> css selector: input[name="email"]], [f, a, n, ., c, b, e, s, t, @, g, m, a, i, l, ., c, o, m]])
15:35:36.782 INFO - Done: [send keys: 1 [[ChromeDriver: chrome on XP (0dcce709f36b748c961a2d176a539d8d)] -> css selector: input[name="email"]], [f, a, n, ., c, b, e, s, t, @, g, m, a, i, l, ., c, o, m]]
15:35:37.791 INFO - Executing: [find element: By.cssSelector: input[name="password"]])
15:35:37.850 INFO - Done: [find element: By.cssSelector: input[name="password"]]
15:35:37.855 INFO - Executing: [is displayed: 2 [[ChromeDriver: chrome on XP (0dcce709f36b748c961a2d176a539d8d)] -> css selector: input[name="password"]]])
15:35:37.876 INFO - Done: [is displayed: 2 [[ChromeDriver: chrome on XP (0dcce709f36b748c961a2d176a539d8d)] -> css selector: input[name="password"]]]
15:35:37.880 INFO - Executing: [find element: By.cssSelector: input[name="password"]])
15:35:37.890 INFO - Done: [find element: By.cssSelector: input[name="password"]]
15:35:37.891 INFO - Executing: [send keys: 2 [[ChromeDriver: chrome on XP (0dcce709f36b748c961a2d176a539d8d)] -> css selector: input[name="password"]], [f, a, n, z, h, a, n, g]])
15:35:37.953 INFO - Done: [send keys: 2 [[ChromeDriver: chrome on XP (0dcce709f36b748c961a2d176a539d8d)] -> css selector: input[name="password"]], [f, a, n, z, h, a, n, g]]
15:35:38.965 INFO - Executing: [find element: By.cssSelector: input[id="subs"]])
15:35:39.021 INFO - Done: [find element: By.cssSelector: input[id="subs"]]
15:35:39.025 INFO - Executing: [is displayed: 3 [[ChromeDriver: chrome on XP (0dcce709f36b748c961a2d176a539d8d)] -> css selector: input[id="subs"]]])
15:35:39.047 INFO - Done: [is displayed: 3 [[ChromeDriver: chrome on XP (0dcce709f36b748c961a2d176a539d8d)] -> css selector: input[id="subs"]]]
15:35:39.053 INFO - Executing: [find element: By.cssSelector: #subs])
15:35:39.074 INFO - Done: [find element: By.cssSelector: #subs]
15:35:39.074 INFO - Executing: [click: 3 [[ChromeDriver: chrome on XP (0dcce709f36b748c961a2d176a539d8d)] -> css selector: input[id="subs"]]])
15:35:39.372 INFO - Done: [click: 3 [[ChromeDriver: chrome on XP (0dcce709f36b748c961a2d176a539d8d)] -> css selector: input[id="subs"]]]
15:35:40.483 INFO - Executing: [get title])
15:35:40.499 INFO - Done: [get title]
15:35:40.515 INFO - Executing: [find elements: By.cssSelector: [id="profile_link"]])
15:35:40.561 INFO - Done: [find elements: By.cssSelector: [id="profile_link"]]
15:35:40.561 INFO - Executing: [find elements: By.cssSelector: [id="logout_link"]])
15:35:40.593 INFO - Done: [find elements: By.cssSelector: [id="logout_link"]]
15:35:40.593 INFO - Executing: [delete session: 90556a63-0123-4b26-9efd-336235ff43d5])
15:35:41.468 INFO - Done: [delete session: 90556a63-0123-4b26-9efd-336235ff43d5]
15:35:41.499 INFO - Executing: [new session: Capabilities [{acceptSslCerts=true, name=Testcase2, browserName=chrome, javascriptEnabled=true, chromeOptions={args=[]}, platform=ANY}]])
15:35:41.499 INFO - Creating a new session for Capabilities [{acceptSslCerts=true, name=Testcase2, browserName=chrome, javascriptEnabled=true, chromeOptions={args=[]}, platform=ANY}]
Starting ChromeDriver 2.29.461591 (62ebf098771772160f391d75e589dc567915b233) on port 39832
Only local connections are allowed.
15:35:43.413 INFO - Detected dialect: OSS
15:35:43.413 INFO - Done: [new session: Capabilities [{acceptSslCerts=true, name=Testcase2, browserName=chrome, javascriptEnabled=true, chromeOptions={args=[]}, platform=ANY}]]
15:35:43.428 INFO - Executing: [get: localhost:10000/])
15:35:44.121 INFO - Done: [get: localhost:10000/]
15:35:44.125 INFO - Executing: [find elements: By.cssSelector: body])
15:35:44.261 INFO - Done: [find elements: By.cssSelector: body]
15:35:44.264 INFO - Executing: [is displayed: 0 [[ChromeDriver: chrome on XP (99a411163aa048008e7514d34b2d6a21)] -> css selector: body]])
15:35:44.280 INFO - Done: [is displayed: 0 [[ChromeDriver: chrome on XP (99a411163aa048008e7514d34b2d6a21)] -> css selector: body]]
15:35:44.283 INFO - Executing: [get title])
15:35:44.290 INFO - Done: [get title]
15:35:44.295 INFO - Executing: [maximise window])
15:35:45.440 INFO - Done: [maximise window]
15:35:46.445 INFO - Executing: [find element: By.cssSelector: input[id="qty-han_burger"]])
15:35:46.465 INFO - Done: [find element: By.cssSelector: input[id="qty-han_burger"]]
15:35:46.468 INFO - Executing: [is displayed: 1 [[ChromeDriver: chrome on XP (99a411163aa048008e7514d34b2d6a21)] -> css selector: input[id="qty-han_burger"]]])
15:35:46.488 INFO - Done: [is displayed: 1 [[ChromeDriver: chrome on XP (99a411163aa048008e7514d34b2d6a21)] -> css selector: input[id="qty-han_burger"]]]
15:35:46.491 INFO - Executing: [find element: By.cssSelector: input[id=qty-han_burger]])
15:35:46.509 INFO - Done: [find element: By.cssSelector: input[id=qty-han_burger]]
15:35:46.514 INFO - Executing: [send keys: 1 [[ChromeDriver: chrome on XP (99a411163aa048008e7514d34b2d6a21)] -> css selector: input[id="qty-han_burger"]], [1]])
15:35:46.554 INFO - Done: [send keys: 1 [[ChromeDriver: chrome on XP (99a411163aa048008e7514d34b2d6a21)] -> css selector: input[id="qty-han_burger"]], [1]]
15:35:47.573 INFO - Executing: [find element: By.cssSelector: #add-han_burger])
15:35:47.624 INFO - Done: [find element: By.cssSelector: #add-han_burger]
15:35:47.632 INFO - Executing: [click: 2 [[ChromeDriver: chrome on XP (99a411163aa048008e7514d34b2d6a21)] -> css selector: #add-han_burger]])
15:35:47.689 INFO - Done: [click: 2 [[ChromeDriver: chrome on XP (99a411163aa048008e7514d34b2d6a21)] -> css selector: #add-han_burger]]
15:35:47.793 INFO - Executing: [find element: By.cssSelector: input[id="qty-hoth_salad"]])
15:35:47.814 INFO - Done: [find element: By.cssSelector: input[id="qty-hoth_salad"]]
15:35:47.817 INFO - Executing: [is displayed: 3 [[ChromeDriver: chrome on XP (99a411163aa048008e7514d34b2d6a21)] -> css selector: input[id="qty-hoth_salad"]]])
15:35:47.834 INFO - Done: [is displayed: 3 [[ChromeDriver: chrome on XP (99a411163aa048008e7514d34b2d6a21)] -> css selector: input[id="qty-hoth_salad"]]]
15:35:47.838 INFO - Executing: [find element: By.cssSelector: input[id=qty-hoth_salad]])
15:35:47.857 INFO - Done: [find element: By.cssSelector: input[id=qty-hoth_salad]]
15:35:47.860 INFO - Executing: [send keys: 3 [[ChromeDriver: chrome on XP (99a411163aa048008e7514d34b2d6a21)] -> css selector: input[id="qty-hoth_salad"]], [1]])
15:35:47.902 INFO - Done: [send keys: 3 [[ChromeDriver: chrome on XP (99a411163aa048008e7514d34b2d6a21)] -> css selector: input[id="qty-hoth_salad"]], [1]]
15:35:48.918 INFO - Executing: [find element: By.cssSelector: #add-hoth_salad])
15:35:48.966 INFO - Done: [find element: By.cssSelector: #add-hoth_salad]
15:35:48.966 INFO - Executing: [click: 4 [[ChromeDriver: chrome on XP (99a411163aa048008e7514d34b2d6a21)] -> css selector: #add-hoth_salad]])
15:35:49.033 INFO - Done: [click: 4 [[ChromeDriver: chrome on XP (99a411163aa048008e7514d34b2d6a21)] -> css selector: #add-hoth_salad]]
15:35:49.140 INFO - Executing: [find element: By.cssSelector: input[id="qty-han_froyo"]])
15:35:49.181 INFO - Done: [find element: By.cssSelector: input[id="qty-han_froyo"]]
15:35:49.184 INFO - Executing: [is displayed: 5 [[ChromeDriver: chrome on XP (99a411163aa048008e7514d34b2d6a21)] -> css selector: input[id="qty-han_froyo"]]])
15:35:49.208 INFO - Done: [is displayed: 5 [[ChromeDriver: chrome on XP (99a411163aa048008e7514d34b2d6a21)] -> css selector: input[id="qty-han_froyo"]]]
15:35:49.212 INFO - Executing: [find element: By.cssSelector: input[id=qty-han_froyo]])
15:35:49.230 INFO - Done: [find element: By.cssSelector: input[id=qty-han_froyo]]
15:35:49.234 INFO - Executing: [send keys: 5 [[ChromeDriver: chrome on XP (99a411163aa048008e7514d34b2d6a21)] -> css selector: input[id="qty-han_froyo"]], [1]])
15:35:49.274 INFO - Done: [send keys: 5 [[ChromeDriver: chrome on XP (99a411163aa048008e7514d34b2d6a21)] -> css selector: input[id="qty-han_froyo"]], [1]]
15:35:50.294 INFO - Executing: [find element: By.cssSelector: #add-han_froyo])
15:35:50.350 INFO - Done: [find element: By.cssSelector: #add-han_froyo]
15:35:50.354 INFO - Executing: [click: 6 [[ChromeDriver: chrome on XP (99a411163aa048008e7514d34b2d6a21)] -> css selector: #add-han_froyo]])
15:35:50.409 INFO - Done: [click: 6 [[ChromeDriver: chrome on XP (99a411163aa048008e7514d34b2d6a21)] -> css selector: #add-han_froyo]]
15:35:50.515 INFO - Executing: [execute script: var passedArgs = Array.prototype.slice.call(arguments,0); return function () {
        document.querySelector('#cart_link').click()
      }.apply(window, passedArgs);, []])
15:35:50.532 INFO - Done: [execute script: var passedArgs = Array.prototype.slice.call(arguments,0); return function () {
        document.querySelector('#cart_link').click()
      }.apply(window, passedArgs);, []]
15:35:51.540 INFO - Executing: [find elements: By.cssSelector: #cart-update-han_burger])
15:35:51.587 INFO - Done: [find elements: By.cssSelector: #cart-update-han_burger]
15:35:51.587 INFO - Executing: [find elements: By.cssSelector: #cart-update-hoth_salad])
15:35:51.618 INFO - Done: [find elements: By.cssSelector: #cart-update-hoth_salad]
15:35:51.618 INFO - Executing: [find elements: By.cssSelector: #cart-update-han_froyo])
15:35:51.634 INFO - Done: [find elements: By.cssSelector: #cart-update-han_froyo]
15:35:51.634 INFO - Executing: [find elements: By.cssSelector: #checkout])
15:35:51.649 INFO - Done: [find elements: By.cssSelector: #checkout]
15:35:51.665 INFO - Executing: [find elements: By.cssSelector: #checkout])
15:35:51.665 INFO - Done: [find elements: By.cssSelector: #checkout]
15:35:51.665 INFO - Executing: [is displayed: 10 [[ChromeDriver: chrome on XP (99a411163aa048008e7514d34b2d6a21)] -> css selector: #checkout]])
15:35:51.681 INFO - Done: [is displayed: 10 [[ChromeDriver: chrome on XP (99a411163aa048008e7514d34b2d6a21)] -> css selector: #checkout]]
15:35:51.681 INFO - Executing: [find element: By.xpath: //*[@id="checkout"]])
15:35:51.712 INFO - Done: [find element: By.xpath: //*[@id="checkout"]]
15:35:51.712 INFO - Executing: [click: 10 [[ChromeDriver: chrome on XP (99a411163aa048008e7514d34b2d6a21)] -> css selector: #checkout]])
15:35:51.766 INFO - Done: [click: 10 [[ChromeDriver: chrome on XP (99a411163aa048008e7514d34b2d6a21)] -> css selector: #checkout]]
15:35:53.792 INFO - Executing: [get title])
15:35:53.808 INFO - Done: [get title]
15:35:54.824 INFO - Executing: [find element: By.xpath: //*[@id="fb-ot"]])
15:35:54.855 INFO - Done: [find element: By.xpath: //*[@id="fb-ot"]]
15:35:54.855 INFO - Executing: [get text: 11 [[ChromeDriver: chrome on XP (99a411163aa048008e7514d34b2d6a21)] -> xpath: //*[@id="fb-ot"]]])
15:35:54.887 INFO - Done: [get text: 11 [[ChromeDriver: chrome on XP (99a411163aa048008e7514d34b2d6a21)] -> xpath: //*[@id="fb-ot"]]]
15:35:55.918 INFO - Executing: [find element: By.cssSelector: input[id="eat-in"]])
15:35:55.965 INFO - Done: [find element: By.cssSelector: input[id="eat-in"]]
15:35:55.965 INFO - Executing: [is displayed: 12 [[ChromeDriver: chrome on XP (99a411163aa048008e7514d34b2d6a21)] -> css selector: input[id="eat-in"]]])
15:35:55.996 INFO - Done: [is displayed: 12 [[ChromeDriver: chrome on XP (99a411163aa048008e7514d34b2d6a21)] -> css selector: input[id="eat-in"]]]
15:35:55.996 INFO - Executing: [find element: By.cssSelector: input[id=eat-in]])
15:35:56.012 INFO - Done: [find element: By.cssSelector: input[id=eat-in]]
15:35:56.012 INFO - Executing: [click: 12 [[ChromeDriver: chrome on XP (99a411163aa048008e7514d34b2d6a21)] -> css selector: input[id="eat-in"]]])
15:35:56.086 INFO - Done: [click: 12 [[ChromeDriver: chrome on XP (99a411163aa048008e7514d34b2d6a21)] -> css selector: input[id="eat-in"]]]
15:35:57.088 INFO - Executing: [find element: By.cssSelector: input[id="im-credit"]])
15:35:57.135 INFO - Done: [find element: By.cssSelector: input[id="im-credit"]]
15:35:57.135 INFO - Executing: [is displayed: 13 [[ChromeDriver: chrome on XP (99a411163aa048008e7514d34b2d6a21)] -> css selector: input[id="im-credit"]]])
15:35:57.166 INFO - Done: [is displayed: 13 [[ChromeDriver: chrome on XP (99a411163aa048008e7514d34b2d6a21)] -> css selector: input[id="im-credit"]]]
15:35:57.166 INFO - Executing: [find element: By.cssSelector: input[id=im-credit]])
15:35:57.182 INFO - Done: [find element: By.cssSelector: input[id=im-credit]]
15:35:57.182 INFO - Executing: [click: 13 [[ChromeDriver: chrome on XP (99a411163aa048008e7514d34b2d6a21)] -> css selector: input[id="im-credit"]]])
15:35:57.246 INFO - Done: [click: 13 [[ChromeDriver: chrome on XP (99a411163aa048008e7514d34b2d6a21)] -> css selector: input[id="im-credit"]]]
15:35:58.248 INFO - Executing: [find element: By.cssSelector: button[id="checkout-but"]])
15:35:58.295 INFO - Done: [find element: By.cssSelector: button[id="checkout-but"]]
15:35:58.295 INFO - Executing: [is displayed: 14 [[ChromeDriver: chrome on XP (99a411163aa048008e7514d34b2d6a21)] -> css selector: button[id="checkout-but"]]])
15:35:58.326 INFO - Done: [is displayed: 14 [[ChromeDriver: chrome on XP (99a411163aa048008e7514d34b2d6a21)] -> css selector: button[id="checkout-but"]]]
15:35:58.326 INFO - Executing: [find element: By.cssSelector: button[id=checkout-but]])
15:35:58.342 INFO - Done: [find element: By.cssSelector: button[id=checkout-but]]
15:35:58.342 INFO - Executing: [click: 14 [[ChromeDriver: chrome on XP (99a411163aa048008e7514d34b2d6a21)] -> css selector: button[id="checkout-but"]]])
15:35:58.418 INFO - Done: [click: 14 [[ChromeDriver: chrome on XP (99a411163aa048008e7514d34b2d6a21)] -> css selector: button[id="checkout-but"]]]
15:35:59.428 INFO - Executing: [get title])
15:35:59.444 INFO - Done: [get title]
15:35:59.459 INFO - Executing: [delete session: 9511d1b8-c9da-4cbb-89ba-e09426956524])
15:36:00.303 INFO - Done: [delete session: 9511d1b8-c9da-4cbb-89ba-e09426956524]
15:36:00.366 INFO - Executing: [new session: Capabilities [{acceptSslCerts=true, name=Testcase3, browserName=chrome, javascriptEnabled=true, chromeOptions={args=[]}, platform=ANY}]])
15:36:00.366 INFO - Creating a new session for Capabilities [{acceptSslCerts=true, name=Testcase3, browserName=chrome, javascriptEnabled=true, chromeOptions={args=[]}, platform=ANY}]
Starting ChromeDriver 2.29.461591 (62ebf098771772160f391d75e589dc567915b233) on port 8256
Only local connections are allowed.
15:36:02.253 INFO - Detected dialect: OSS
15:36:02.253 INFO - Done: [new session: Capabilities [{acceptSslCerts=true, name=Testcase3, browserName=chrome, javascriptEnabled=true, chromeOptions={args=[]}, platform=ANY}]]
15:36:02.268 INFO - Executing: [get: localhost:10000/])
15:36:02.901 INFO - Done: [get: localhost:10000/]
15:36:02.907 INFO - Executing: [find elements: By.cssSelector: body])
15:36:03.021 INFO - Done: [find elements: By.cssSelector: body]
15:36:03.024 INFO - Executing: [is displayed: 0 [[ChromeDriver: chrome on XP (8a3057c4ec8d27c7c80cfab022eb38f7)] -> css selector: body]])
15:36:03.039 INFO - Done: [is displayed: 0 [[ChromeDriver: chrome on XP (8a3057c4ec8d27c7c80cfab022eb38f7)] -> css selector: body]]
15:36:03.042 INFO - Executing: [get title])
15:36:03.048 INFO - Done: [get title]
15:36:03.052 INFO - Executing: [maximise window])
15:36:04.205 INFO - Done: [maximise window]
15:36:05.220 INFO - Executing: [find element: By.cssSelector: input[id="qty-han_burger"]])
15:36:05.240 INFO - Done: [find element: By.cssSelector: input[id="qty-han_burger"]]
15:36:05.243 INFO - Executing: [is displayed: 1 [[ChromeDriver: chrome on XP (8a3057c4ec8d27c7c80cfab022eb38f7)] -> css selector: input[id="qty-han_burger"]]])
15:36:05.261 INFO - Done: [is displayed: 1 [[ChromeDriver: chrome on XP (8a3057c4ec8d27c7c80cfab022eb38f7)] -> css selector: input[id="qty-han_burger"]]]
15:36:05.265 INFO - Executing: [find element: By.cssSelector: input[id=qty-han_burger]])
15:36:05.286 INFO - Done: [find element: By.cssSelector: input[id=qty-han_burger]]
15:36:05.289 INFO - Executing: [send keys: 1 [[ChromeDriver: chrome on XP (8a3057c4ec8d27c7c80cfab022eb38f7)] -> css selector: input[id="qty-han_burger"]], [1]])
15:36:05.339 INFO - Done: [send keys: 1 [[ChromeDriver: chrome on XP (8a3057c4ec8d27c7c80cfab022eb38f7)] -> css selector: input[id="qty-han_burger"]], [1]]
15:36:06.345 INFO - Executing: [find element: By.cssSelector: #add-han_burger])
15:36:06.403 INFO - Done: [find element: By.cssSelector: #add-han_burger]
15:36:06.403 INFO - Executing: [click: 2 [[ChromeDriver: chrome on XP (8a3057c4ec8d27c7c80cfab022eb38f7)] -> css selector: #add-han_burger]])
15:36:06.483 INFO - Done: [click: 2 [[ChromeDriver: chrome on XP (8a3057c4ec8d27c7c80cfab022eb38f7)] -> css selector: #add-han_burger]]
15:36:06.586 INFO - Executing: [find element: By.cssSelector: input[id="qty-hoth_salad"]])
15:36:06.605 INFO - Done: [find element: By.cssSelector: input[id="qty-hoth_salad"]]
15:36:06.607 INFO - Executing: [is displayed: 3 [[ChromeDriver: chrome on XP (8a3057c4ec8d27c7c80cfab022eb38f7)] -> css selector: input[id="qty-hoth_salad"]]])
15:36:06.625 INFO - Done: [is displayed: 3 [[ChromeDriver: chrome on XP (8a3057c4ec8d27c7c80cfab022eb38f7)] -> css selector: input[id="qty-hoth_salad"]]]
15:36:06.630 INFO - Executing: [find element: By.cssSelector: input[id=qty-hoth_salad]])
15:36:06.649 INFO - Done: [find element: By.cssSelector: input[id=qty-hoth_salad]]
15:36:06.652 INFO - Executing: [send keys: 3 [[ChromeDriver: chrome on XP (8a3057c4ec8d27c7c80cfab022eb38f7)] -> css selector: input[id="qty-hoth_salad"]], [1]])
15:36:06.693 INFO - Done: [send keys: 3 [[ChromeDriver: chrome on XP (8a3057c4ec8d27c7c80cfab022eb38f7)] -> css selector: input[id="qty-hoth_salad"]], [1]]
15:36:07.714 INFO - Executing: [find element: By.cssSelector: #add-hoth_salad])
15:36:07.770 INFO - Done: [find element: By.cssSelector: #add-hoth_salad]
15:36:07.773 INFO - Executing: [click: 4 [[ChromeDriver: chrome on XP (8a3057c4ec8d27c7c80cfab022eb38f7)] -> css selector: #add-hoth_salad]])
15:36:07.827 INFO - Done: [click: 4 [[ChromeDriver: chrome on XP (8a3057c4ec8d27c7c80cfab022eb38f7)] -> css selector: #add-hoth_salad]]
15:36:07.932 INFO - Executing: [find element: By.cssSelector: input[id="qty-han_froyo"]])
15:36:07.951 INFO - Done: [find element: By.cssSelector: input[id="qty-han_froyo"]]
15:36:07.954 INFO - Executing: [is displayed: 5 [[ChromeDriver: chrome on XP (8a3057c4ec8d27c7c80cfab022eb38f7)] -> css selector: input[id="qty-han_froyo"]]])
15:36:07.972 INFO - Done: [is displayed: 5 [[ChromeDriver: chrome on XP (8a3057c4ec8d27c7c80cfab022eb38f7)] -> css selector: input[id="qty-han_froyo"]]]
15:36:07.976 INFO - Executing: [find element: By.cssSelector: input[id=qty-han_froyo]])
15:36:07.995 INFO - Done: [find element: By.cssSelector: input[id=qty-han_froyo]]
15:36:07.998 INFO - Executing: [send keys: 5 [[ChromeDriver: chrome on XP (8a3057c4ec8d27c7c80cfab022eb38f7)] -> css selector: input[id="qty-han_froyo"]], [1]])
15:36:08.039 INFO - Done: [send keys: 5 [[ChromeDriver: chrome on XP (8a3057c4ec8d27c7c80cfab022eb38f7)] -> css selector: input[id="qty-han_froyo"]], [1]]
15:36:09.041 INFO - Executing: [find element: By.cssSelector: #add-han_froyo])
15:36:09.088 INFO - Done: [find element: By.cssSelector: #add-han_froyo]
15:36:09.088 INFO - Executing: [click: 6 [[ChromeDriver: chrome on XP (8a3057c4ec8d27c7c80cfab022eb38f7)] -> css selector: #add-han_froyo]])
15:36:09.151 INFO - Done: [click: 6 [[ChromeDriver: chrome on XP (8a3057c4ec8d27c7c80cfab022eb38f7)] -> css selector: #add-han_froyo]]
15:36:09.255 INFO - Executing: [execute script: var passedArgs = Array.prototype.slice.call(arguments,0); return function () {
        document.querySelector('#cart_link').click()
      }.apply(window, passedArgs);, []])
15:36:09.273 INFO - Done: [execute script: var passedArgs = Array.prototype.slice.call(arguments,0); return function () {
        document.querySelector('#cart_link').click()
      }.apply(window, passedArgs);, []]
15:36:10.277 INFO - Executing: [find elements: By.cssSelector: #cart-update-han_burger])
15:36:10.292 INFO - Done: [find elements: By.cssSelector: #cart-update-han_burger]
15:36:10.292 INFO - Executing: [find elements: By.cssSelector: #cart-update-hoth_salad])
15:36:10.308 INFO - Done: [find elements: By.cssSelector: #cart-update-hoth_salad]
15:36:10.308 INFO - Executing: [find elements: By.cssSelector: #cart-update-han_froyo])
15:36:10.324 INFO - Done: [find elements: By.cssSelector: #cart-update-han_froyo]
15:36:10.339 INFO - Executing: [find elements: By.cssSelector: #checkout])
15:36:10.355 INFO - Done: [find elements: By.cssSelector: #checkout]
15:36:10.355 INFO - Executing: [find element: By.cssSelector: input[id="cart-qty-han_burger"]])
15:36:10.370 INFO - Done: [find element: By.cssSelector: input[id="cart-qty-han_burger"]]
15:36:10.370 INFO - Executing: [is displayed: 11 [[ChromeDriver: chrome on XP (8a3057c4ec8d27c7c80cfab022eb38f7)] -> css selector: input[id="cart-qty-han_burger"]]])
15:36:10.386 INFO - Done: [is displayed: 11 [[ChromeDriver: chrome on XP (8a3057c4ec8d27c7c80cfab022eb38f7)] -> css selector: input[id="cart-qty-han_burger"]]]
15:36:10.402 INFO - Executing: [find element: By.cssSelector: input[id=cart-qty-han_burger]])
15:36:10.417 INFO - Done: [find element: By.cssSelector: input[id=cart-qty-han_burger]]
15:36:10.417 INFO - Executing: [send keys: 11 [[ChromeDriver: chrome on XP (8a3057c4ec8d27c7c80cfab022eb38f7)] -> css selector: input[id="cart-qty-han_burger"]], [2]])
15:36:10.466 INFO - Done: [send keys: 11 [[ChromeDriver: chrome on XP (8a3057c4ec8d27c7c80cfab022eb38f7)] -> css selector: input[id="cart-qty-han_burger"]], [2]]
15:36:11.480 INFO - Executing: [find element: By.cssSelector: #cart-update-han_burger])
15:36:11.522 INFO - Done: [find element: By.cssSelector: #cart-update-han_burger]
15:36:11.522 INFO - Executing: [click: 7 [[ChromeDriver: chrome on XP (8a3057c4ec8d27c7c80cfab022eb38f7)] -> css selector: #cart-update-han_burger]])
15:36:11.583 INFO - Done: [click: 7 [[ChromeDriver: chrome on XP (8a3057c4ec8d27c7c80cfab022eb38f7)] -> css selector: #cart-update-han_burger]]
15:36:12.695 INFO - Executing: [find element: By.cssSelector: input[id="cart-qty-hoth_salad"]])
15:36:12.711 INFO - Done: [find element: By.cssSelector: input[id="cart-qty-hoth_salad"]]
15:36:12.711 INFO - Executing: [is displayed: 12 [[ChromeDriver: chrome on XP (8a3057c4ec8d27c7c80cfab022eb38f7)] -> css selector: input[id="cart-qty-hoth_salad"]]])
15:36:12.727 INFO - Done: [is displayed: 12 [[ChromeDriver: chrome on XP (8a3057c4ec8d27c7c80cfab022eb38f7)] -> css selector: input[id="cart-qty-hoth_salad"]]]
15:36:12.727 INFO - Executing: [find element: By.cssSelector: input[id=cart-qty-hoth_salad]])
15:36:12.742 INFO - Done: [find element: By.cssSelector: input[id=cart-qty-hoth_salad]]
15:36:12.758 INFO - Executing: [send keys: 12 [[ChromeDriver: chrome on XP (8a3057c4ec8d27c7c80cfab022eb38f7)] -> css selector: input[id="cart-qty-hoth_salad"]], [2]])
15:36:12.798 INFO - Done: [send keys: 12 [[ChromeDriver: chrome on XP (8a3057c4ec8d27c7c80cfab022eb38f7)] -> css selector: input[id="cart-qty-hoth_salad"]], [2]]
15:36:13.804 INFO - Executing: [find element: By.cssSelector: #cart-update-hoth_salad])
15:36:13.851 INFO - Done: [find element: By.cssSelector: #cart-update-hoth_salad]
15:36:13.851 INFO - Executing: [click: 8 [[ChromeDriver: chrome on XP (8a3057c4ec8d27c7c80cfab022eb38f7)] -> css selector: #cart-update-hoth_salad]])
15:36:13.915 INFO - Done: [click: 8 [[ChromeDriver: chrome on XP (8a3057c4ec8d27c7c80cfab022eb38f7)] -> css selector: #cart-update-hoth_salad]]
15:36:15.028 INFO - Executing: [find element: By.cssSelector: input[id="cart-qty-han_froyo"]])
15:36:15.075 INFO - Done: [find element: By.cssSelector: input[id="cart-qty-han_froyo"]]
15:36:15.075 INFO - Executing: [is displayed: 13 [[ChromeDriver: chrome on XP (8a3057c4ec8d27c7c80cfab022eb38f7)] -> css selector: input[id="cart-qty-han_froyo"]]])
15:36:15.090 INFO - Done: [is displayed: 13 [[ChromeDriver: chrome on XP (8a3057c4ec8d27c7c80cfab022eb38f7)] -> css selector: input[id="cart-qty-han_froyo"]]]
15:36:15.106 INFO - Executing: [find element: By.cssSelector: input[id=cart-qty-han_froyo]])
15:36:15.121 INFO - Done: [find element: By.cssSelector: input[id=cart-qty-han_froyo]]
15:36:15.121 INFO - Executing: [send keys: 13 [[ChromeDriver: chrome on XP (8a3057c4ec8d27c7c80cfab022eb38f7)] -> css selector: input[id="cart-qty-han_froyo"]], [2]])
15:36:15.168 INFO - Done: [send keys: 13 [[ChromeDriver: chrome on XP (8a3057c4ec8d27c7c80cfab022eb38f7)] -> css selector: input[id="cart-qty-han_froyo"]], [2]]
15:36:16.171 INFO - Executing: [find element: By.cssSelector: #cart-update-han_froyo])
15:36:16.186 INFO - Done: [find element: By.cssSelector: #cart-update-han_froyo]
15:36:16.202 INFO - Executing: [click: 9 [[ChromeDriver: chrome on XP (8a3057c4ec8d27c7c80cfab022eb38f7)] -> css selector: #cart-update-han_froyo]])
15:36:16.254 INFO - Done: [click: 9 [[ChromeDriver: chrome on XP (8a3057c4ec8d27c7c80cfab022eb38f7)] -> css selector: #cart-update-han_froyo]]
15:36:16.361 INFO - Executing: [find elements: By.cssSelector: #checkout])
15:36:16.376 INFO - Done: [find elements: By.cssSelector: #checkout]
15:36:16.392 INFO - Executing: [is displayed: 10 [[ChromeDriver: chrome on XP (8a3057c4ec8d27c7c80cfab022eb38f7)] -> css selector: #checkout]])
15:36:16.439 INFO - Done: [is displayed: 10 [[ChromeDriver: chrome on XP (8a3057c4ec8d27c7c80cfab022eb38f7)] -> css selector: #checkout]]
15:36:16.439 INFO - Executing: [find element: By.xpath: //*[@id="checkout"]])
15:36:16.470 INFO - Done: [find element: By.xpath: //*[@id="checkout"]]
15:36:16.470 INFO - Executing: [click: 10 [[ChromeDriver: chrome on XP (8a3057c4ec8d27c7c80cfab022eb38f7)] -> css selector: #checkout]])
15:36:16.534 INFO - Done: [click: 10 [[ChromeDriver: chrome on XP (8a3057c4ec8d27c7c80cfab022eb38f7)] -> css selector: #checkout]]
15:36:18.535 INFO - Executing: [get title])
15:36:18.551 INFO - Done: [get title]
15:36:19.582 INFO - Executing: [find element: By.xpath: //*[@id="fb-ot"]])
15:36:19.629 INFO - Done: [find element: By.xpath: //*[@id="fb-ot"]]
15:36:19.629 INFO - Executing: [get text: 14 [[ChromeDriver: chrome on XP (8a3057c4ec8d27c7c80cfab022eb38f7)] -> xpath: //*[@id="fb-ot"]]])
15:36:19.660 INFO - Done: [get text: 14 [[ChromeDriver: chrome on XP (8a3057c4ec8d27c7c80cfab022eb38f7)] -> xpath: //*[@id="fb-ot"]]]
15:36:20.676 INFO - Executing: [find element: By.cssSelector: input[id="eat-in"]])
15:36:20.723 INFO - Done: [find element: By.cssSelector: input[id="eat-in"]]
15:36:20.723 INFO - Executing: [is displayed: 15 [[ChromeDriver: chrome on XP (8a3057c4ec8d27c7c80cfab022eb38f7)] -> css selector: input[id="eat-in"]]])
15:36:20.754 INFO - Done: [is displayed: 15 [[ChromeDriver: chrome on XP (8a3057c4ec8d27c7c80cfab022eb38f7)] -> css selector: input[id="eat-in"]]]
15:36:20.754 INFO - Executing: [find element: By.cssSelector: input[id=eat-in]])
15:36:20.770 INFO - Done: [find element: By.cssSelector: input[id=eat-in]]
15:36:20.770 INFO - Executing: [click: 15 [[ChromeDriver: chrome on XP (8a3057c4ec8d27c7c80cfab022eb38f7)] -> css selector: input[id="eat-in"]]])
15:36:20.836 INFO - Done: [click: 15 [[ChromeDriver: chrome on XP (8a3057c4ec8d27c7c80cfab022eb38f7)] -> css selector: input[id="eat-in"]]]
15:36:21.839 INFO - Executing: [find element: By.cssSelector: input[id="im-credit"]])
15:36:21.885 INFO - Done: [find element: By.cssSelector: input[id="im-credit"]]
15:36:21.901 INFO - Executing: [is displayed: 16 [[ChromeDriver: chrome on XP (8a3057c4ec8d27c7c80cfab022eb38f7)] -> css selector: input[id="im-credit"]]])
15:36:21.917 INFO - Done: [is displayed: 16 [[ChromeDriver: chrome on XP (8a3057c4ec8d27c7c80cfab022eb38f7)] -> css selector: input[id="im-credit"]]]
15:36:21.932 INFO - Executing: [find element: By.cssSelector: input[id=im-credit]])
15:36:21.963 INFO - Done: [find element: By.cssSelector: input[id=im-credit]]
15:36:21.963 INFO - Executing: [click: 16 [[ChromeDriver: chrome on XP (8a3057c4ec8d27c7c80cfab022eb38f7)] -> css selector: input[id="im-credit"]]])
15:36:22.027 INFO - Done: [click: 16 [[ChromeDriver: chrome on XP (8a3057c4ec8d27c7c80cfab022eb38f7)] -> css selector: input[id="im-credit"]]]
15:36:23.036 INFO - Executing: [find element: By.cssSelector: button[id="checkout-but"]])
15:36:23.099 INFO - Done: [find element: By.cssSelector: button[id="checkout-but"]]
15:36:23.099 INFO - Executing: [is displayed: 17 [[ChromeDriver: chrome on XP (8a3057c4ec8d27c7c80cfab022eb38f7)] -> css selector: button[id="checkout-but"]]])
15:36:23.114 INFO - Done: [is displayed: 17 [[ChromeDriver: chrome on XP (8a3057c4ec8d27c7c80cfab022eb38f7)] -> css selector: button[id="checkout-but"]]]
15:36:23.114 INFO - Executing: [find element: By.cssSelector: button[id=checkout-but]])
15:36:23.145 INFO - Done: [find element: By.cssSelector: button[id=checkout-but]]
15:36:23.145 INFO - Executing: [click: 17 [[ChromeDriver: chrome on XP (8a3057c4ec8d27c7c80cfab022eb38f7)] -> css selector: button[id="checkout-but"]]])
15:36:23.220 INFO - Done: [click: 17 [[ChromeDriver: chrome on XP (8a3057c4ec8d27c7c80cfab022eb38f7)] -> css selector: button[id="checkout-but"]]]
15:36:24.232 INFO - Executing: [get title])
15:36:24.247 INFO - Done: [get title]
15:36:24.247 INFO - Executing: [delete session: 207f5eb1-87ca-47a9-a85b-669ca635c4fb])
15:36:25.143 INFO - Done: [delete session: 207f5eb1-87ca-47a9-a85b-669ca635c4fb]
15:36:25.206 INFO - Executing: [new session: Capabilities [{acceptSslCerts=true, name=Testcase4, browserName=chrome, javascriptEnabled=true, chromeOptions={args=[]}, platform=ANY}]])
15:36:25.222 INFO - Creating a new session for Capabilities [{acceptSslCerts=true, name=Testcase4, browserName=chrome, javascriptEnabled=true, chromeOptions={args=[]}, platform=ANY}]
Starting ChromeDriver 2.29.461591 (62ebf098771772160f391d75e589dc567915b233) on port 39075
Only local connections are allowed.
15:36:27.187 INFO - Detected dialect: OSS
15:36:27.187 INFO - Done: [new session: Capabilities [{acceptSslCerts=true, name=Testcase4, browserName=chrome, javascriptEnabled=true, chromeOptions={args=[]}, platform=ANY}]]
15:36:27.203 INFO - Executing: [get: localhost:10000/])
15:36:27.876 INFO - Done: [get: localhost:10000/]
15:36:27.880 INFO - Executing: [find elements: By.cssSelector: body])
15:36:28.008 INFO - Done: [find elements: By.cssSelector: body]
15:36:28.011 INFO - Executing: [is displayed: 0 [[ChromeDriver: chrome on XP (4b6abc1e1b1fbf4e4d4420e8f248b303)] -> css selector: body]])
15:36:28.027 INFO - Done: [is displayed: 0 [[ChromeDriver: chrome on XP (4b6abc1e1b1fbf4e4d4420e8f248b303)] -> css selector: body]]
15:36:28.031 INFO - Executing: [get title])
15:36:28.038 INFO - Done: [get title]
15:36:28.041 INFO - Executing: [maximise window])
15:36:29.252 INFO - Done: [maximise window]
15:36:30.264 INFO - Executing: [find element: By.cssSelector: input[id="qty-han_burger"]])
15:36:30.282 INFO - Done: [find element: By.cssSelector: input[id="qty-han_burger"]]
15:36:30.284 INFO - Executing: [is displayed: 1 [[ChromeDriver: chrome on XP (4b6abc1e1b1fbf4e4d4420e8f248b303)] -> css selector: input[id="qty-han_burger"]]])
15:36:30.300 INFO - Done: [is displayed: 1 [[ChromeDriver: chrome on XP (4b6abc1e1b1fbf4e4d4420e8f248b303)] -> css selector: input[id="qty-han_burger"]]]
15:36:30.305 INFO - Executing: [find element: By.cssSelector: input[id=qty-han_burger]])
15:36:30.323 INFO - Done: [find element: By.cssSelector: input[id=qty-han_burger]]
15:36:30.326 INFO - Executing: [send keys: 1 [[ChromeDriver: chrome on XP (4b6abc1e1b1fbf4e4d4420e8f248b303)] -> css selector: input[id="qty-han_burger"]], [1]])
15:36:30.367 INFO - Done: [send keys: 1 [[ChromeDriver: chrome on XP (4b6abc1e1b1fbf4e4d4420e8f248b303)] -> css selector: input[id="qty-han_burger"]], [1]]
15:36:31.378 INFO - Executing: [find element: By.cssSelector: #add-han_burger])
15:36:31.438 INFO - Done: [find element: By.cssSelector: #add-han_burger]
15:36:31.442 INFO - Executing: [click: 2 [[ChromeDriver: chrome on XP (4b6abc1e1b1fbf4e4d4420e8f248b303)] -> css selector: #add-han_burger]])
15:36:31.497 INFO - Done: [click: 2 [[ChromeDriver: chrome on XP (4b6abc1e1b1fbf4e4d4420e8f248b303)] -> css selector: #add-han_burger]]
15:36:31.602 INFO - Executing: [find element: By.cssSelector: input[id="qty-hoth_salad"]])
15:36:31.619 INFO - Done: [find element: By.cssSelector: input[id="qty-hoth_salad"]]
15:36:31.621 INFO - Executing: [is displayed: 3 [[ChromeDriver: chrome on XP (4b6abc1e1b1fbf4e4d4420e8f248b303)] -> css selector: input[id="qty-hoth_salad"]]])
15:36:31.637 INFO - Done: [is displayed: 3 [[ChromeDriver: chrome on XP (4b6abc1e1b1fbf4e4d4420e8f248b303)] -> css selector: input[id="qty-hoth_salad"]]]
15:36:31.640 INFO - Executing: [find element: By.cssSelector: input[id=qty-hoth_salad]])
15:36:31.656 INFO - Done: [find element: By.cssSelector: input[id=qty-hoth_salad]]
15:36:31.659 INFO - Executing: [send keys: 3 [[ChromeDriver: chrome on XP (4b6abc1e1b1fbf4e4d4420e8f248b303)] -> css selector: input[id="qty-hoth_salad"]], [1]])
15:36:31.695 INFO - Done: [send keys: 3 [[ChromeDriver: chrome on XP (4b6abc1e1b1fbf4e4d4420e8f248b303)] -> css selector: input[id="qty-hoth_salad"]], [1]]
15:36:32.714 INFO - Executing: [find element: By.cssSelector: #add-hoth_salad])
15:36:32.778 INFO - Done: [find element: By.cssSelector: #add-hoth_salad]
15:36:32.783 INFO - Executing: [click: 4 [[ChromeDriver: chrome on XP (4b6abc1e1b1fbf4e4d4420e8f248b303)] -> css selector: #add-hoth_salad]])
15:36:32.867 INFO - Done: [click: 4 [[ChromeDriver: chrome on XP (4b6abc1e1b1fbf4e4d4420e8f248b303)] -> css selector: #add-hoth_salad]]
15:36:32.970 INFO - Executing: [find element: By.cssSelector: input[id="qty-han_froyo"]])
15:36:32.990 INFO - Done: [find element: By.cssSelector: input[id="qty-han_froyo"]]
15:36:32.992 INFO - Executing: [is displayed: 5 [[ChromeDriver: chrome on XP (4b6abc1e1b1fbf4e4d4420e8f248b303)] -> css selector: input[id="qty-han_froyo"]]])
15:36:33.010 INFO - Done: [is displayed: 5 [[ChromeDriver: chrome on XP (4b6abc1e1b1fbf4e4d4420e8f248b303)] -> css selector: input[id="qty-han_froyo"]]]
15:36:33.013 INFO - Executing: [find element: By.cssSelector: input[id=qty-han_froyo]])
15:36:33.031 INFO - Done: [find element: By.cssSelector: input[id=qty-han_froyo]]
15:36:33.034 INFO - Executing: [send keys: 5 [[ChromeDriver: chrome on XP (4b6abc1e1b1fbf4e4d4420e8f248b303)] -> css selector: input[id="qty-han_froyo"]], [1]])
15:36:33.077 INFO - Done: [send keys: 5 [[ChromeDriver: chrome on XP (4b6abc1e1b1fbf4e4d4420e8f248b303)] -> css selector: input[id="qty-han_froyo"]], [1]]
15:36:34.085 INFO - Executing: [find element: By.cssSelector: #add-han_froyo])
15:36:34.122 INFO - Done: [find element: By.cssSelector: #add-han_froyo]
15:36:34.122 INFO - Executing: [click: 6 [[ChromeDriver: chrome on XP (4b6abc1e1b1fbf4e4d4420e8f248b303)] -> css selector: #add-han_froyo]])
15:36:34.182 INFO - Done: [click: 6 [[ChromeDriver: chrome on XP (4b6abc1e1b1fbf4e4d4420e8f248b303)] -> css selector: #add-han_froyo]]
15:36:34.286 INFO - Executing: [execute script: var passedArgs = Array.prototype.slice.call(arguments,0); return function () {
        document.querySelector('#cart_link').click()
      }.apply(window, passedArgs);, []])
15:36:34.303 INFO - Done: [execute script: var passedArgs = Array.prototype.slice.call(arguments,0); return function () {
        document.querySelector('#cart_link').click()
      }.apply(window, passedArgs);, []]
15:36:35.314 INFO - Executing: [find elements: By.cssSelector: #cart-update-han_burger])
15:36:35.361 INFO - Done: [find elements: By.cssSelector: #cart-update-han_burger]
15:36:35.361 INFO - Executing: [find elements: By.cssSelector: #cart-update-hoth_salad])
15:36:35.392 INFO - Done: [find elements: By.cssSelector: #cart-update-hoth_salad]
15:36:35.392 INFO - Executing: [find elements: By.cssSelector: #cart-update-han_froyo])
15:36:35.408 INFO - Done: [find elements: By.cssSelector: #cart-update-han_froyo]
15:36:35.408 INFO - Executing: [find elements: By.cssSelector: #checkout])
15:36:35.423 INFO - Done: [find elements: By.cssSelector: #checkout]
15:36:35.439 INFO - Executing: [find element: By.cssSelector: input[id="cart-qty-han_burger"]])
15:36:35.454 INFO - Done: [find element: By.cssSelector: input[id="cart-qty-han_burger"]]
15:36:35.454 INFO - Executing: [is displayed: 11 [[ChromeDriver: chrome on XP (4b6abc1e1b1fbf4e4d4420e8f248b303)] -> css selector: input[id="cart-qty-han_burger"]]])
15:36:35.470 INFO - Done: [is displayed: 11 [[ChromeDriver: chrome on XP (4b6abc1e1b1fbf4e4d4420e8f248b303)] -> css selector: input[id="cart-qty-han_burger"]]]
15:36:35.470 INFO - Executing: [find element: By.cssSelector: input[id=cart-qty-han_burger]])
15:36:35.486 INFO - Done: [find element: By.cssSelector: input[id=cart-qty-han_burger]]
15:36:35.486 INFO - Executing: [send keys: 11 [[ChromeDriver: chrome on XP (4b6abc1e1b1fbf4e4d4420e8f248b303)] -> css selector: input[id="cart-qty-han_burger"]], [5]])
15:36:35.536 INFO - Done: [send keys: 11 [[ChromeDriver: chrome on XP (4b6abc1e1b1fbf4e4d4420e8f248b303)] -> css selector: input[id="cart-qty-han_burger"]], [5]]
15:36:36.550 INFO - Executing: [find element: By.cssSelector: #cart-update-han_burger])
15:36:36.606 INFO - Done: [find element: By.cssSelector: #cart-update-han_burger]
15:36:36.609 INFO - Executing: [click: 7 [[ChromeDriver: chrome on XP (4b6abc1e1b1fbf4e4d4420e8f248b303)] -> css selector: #cart-update-han_burger]])
15:36:36.672 INFO - Done: [click: 7 [[ChromeDriver: chrome on XP (4b6abc1e1b1fbf4e4d4420e8f248b303)] -> css selector: #cart-update-han_burger]]
15:36:37.782 INFO - Executing: [find element: By.cssSelector: input[id="cart-qty-hoth_salad"]])
15:36:37.829 INFO - Done: [find element: By.cssSelector: input[id="cart-qty-hoth_salad"]]
15:36:37.829 INFO - Executing: [is displayed: 12 [[ChromeDriver: chrome on XP (4b6abc1e1b1fbf4e4d4420e8f248b303)] -> css selector: input[id="cart-qty-hoth_salad"]]])
15:36:37.860 INFO - Done: [is displayed: 12 [[ChromeDriver: chrome on XP (4b6abc1e1b1fbf4e4d4420e8f248b303)] -> css selector: input[id="cart-qty-hoth_salad"]]]
15:36:37.860 INFO - Executing: [find element: By.cssSelector: input[id=cart-qty-hoth_salad]])
15:36:37.875 INFO - Done: [find element: By.cssSelector: input[id=cart-qty-hoth_salad]]
15:36:37.891 INFO - Executing: [send keys: 12 [[ChromeDriver: chrome on XP (4b6abc1e1b1fbf4e4d4420e8f248b303)] -> css selector: input[id="cart-qty-hoth_salad"]], [5]])
15:36:37.931 INFO - Done: [send keys: 12 [[ChromeDriver: chrome on XP (4b6abc1e1b1fbf4e4d4420e8f248b303)] -> css selector: input[id="cart-qty-hoth_salad"]], [5]]
15:36:38.939 INFO - Executing: [find element: By.cssSelector: #cart-update-hoth_salad])
15:36:38.986 INFO - Done: [find element: By.cssSelector: #cart-update-hoth_salad]
15:36:38.986 INFO - Executing: [click: 8 [[ChromeDriver: chrome on XP (4b6abc1e1b1fbf4e4d4420e8f248b303)] -> css selector: #cart-update-hoth_salad]])
15:36:39.050 INFO - Done: [click: 8 [[ChromeDriver: chrome on XP (4b6abc1e1b1fbf4e4d4420e8f248b303)] -> css selector: #cart-update-hoth_salad]]
15:36:40.178 INFO - Executing: [find element: By.cssSelector: input[id="cart-qty-han_froyo"]])
15:36:40.194 INFO - Done: [find element: By.cssSelector: input[id="cart-qty-han_froyo"]]
15:36:40.194 INFO - Executing: [is displayed: 13 [[ChromeDriver: chrome on XP (4b6abc1e1b1fbf4e4d4420e8f248b303)] -> css selector: input[id="cart-qty-han_froyo"]]])
15:36:40.210 INFO - Done: [is displayed: 13 [[ChromeDriver: chrome on XP (4b6abc1e1b1fbf4e4d4420e8f248b303)] -> css selector: input[id="cart-qty-han_froyo"]]]
15:36:40.210 INFO - Executing: [find element: By.cssSelector: input[id=cart-qty-han_froyo]])
15:36:40.241 INFO - Done: [find element: By.cssSelector: input[id=cart-qty-han_froyo]]
15:36:40.241 INFO - Executing: [send keys: 13 [[ChromeDriver: chrome on XP (4b6abc1e1b1fbf4e4d4420e8f248b303)] -> css selector: input[id="cart-qty-han_froyo"]], [5]])
15:36:40.281 INFO - Done: [send keys: 13 [[ChromeDriver: chrome on XP (4b6abc1e1b1fbf4e4d4420e8f248b303)] -> css selector: input[id="cart-qty-han_froyo"]], [5]]
15:36:41.289 INFO - Executing: [find element: By.cssSelector: #cart-update-han_froyo])
15:36:41.305 INFO - Done: [find element: By.cssSelector: #cart-update-han_froyo]
15:36:41.305 INFO - Executing: [click: 9 [[ChromeDriver: chrome on XP (4b6abc1e1b1fbf4e4d4420e8f248b303)] -> css selector: #cart-update-han_froyo]])
15:36:41.357 INFO - Done: [click: 9 [[ChromeDriver: chrome on XP (4b6abc1e1b1fbf4e4d4420e8f248b303)] -> css selector: #cart-update-han_froyo]]
15:36:41.464 INFO - Executing: [find elements: By.cssSelector: #checkout])
15:36:41.464 INFO - Done: [find elements: By.cssSelector: #checkout]
15:36:41.464 INFO - Executing: [is displayed: 10 [[ChromeDriver: chrome on XP (4b6abc1e1b1fbf4e4d4420e8f248b303)] -> css selector: #checkout]])
15:36:41.480 INFO - Done: [is displayed: 10 [[ChromeDriver: chrome on XP (4b6abc1e1b1fbf4e4d4420e8f248b303)] -> css selector: #checkout]]
15:36:41.496 INFO - Executing: [find element: By.xpath: //*[@id="checkout"]])
15:36:41.511 INFO - Done: [find element: By.xpath: //*[@id="checkout"]]
15:36:41.511 INFO - Executing: [click: 10 [[ChromeDriver: chrome on XP (4b6abc1e1b1fbf4e4d4420e8f248b303)] -> css selector: #checkout]])
15:36:41.567 INFO - Done: [click: 10 [[ChromeDriver: chrome on XP (4b6abc1e1b1fbf4e4d4420e8f248b303)] -> css selector: #checkout]]
15:36:43.583 INFO - Executing: [get title])
15:36:43.598 INFO - Done: [get title]
15:36:44.614 INFO - Executing: [find element: By.xpath: //*[@id="fb-ot"]])
15:36:44.645 INFO - Done: [find element: By.xpath: //*[@id="fb-ot"]]
15:36:44.645 INFO - Executing: [get text: 14 [[ChromeDriver: chrome on XP (4b6abc1e1b1fbf4e4d4420e8f248b303)] -> xpath: //*[@id="fb-ot"]]])
15:36:44.661 INFO - Done: [get text: 14 [[ChromeDriver: chrome on XP (4b6abc1e1b1fbf4e4d4420e8f248b303)] -> xpath: //*[@id="fb-ot"]]]
15:36:45.677 INFO - Executing: [find element: By.cssSelector: input[id="eat-in"]])
15:36:45.708 INFO - Done: [find element: By.cssSelector: input[id="eat-in"]]
15:36:45.708 INFO - Executing: [is displayed: 15 [[ChromeDriver: chrome on XP (4b6abc1e1b1fbf4e4d4420e8f248b303)] -> css selector: input[id="eat-in"]]])
15:36:45.724 INFO - Done: [is displayed: 15 [[ChromeDriver: chrome on XP (4b6abc1e1b1fbf4e4d4420e8f248b303)] -> css selector: input[id="eat-in"]]]
15:36:45.739 INFO - Executing: [find element: By.cssSelector: input[id=eat-in]])
15:36:45.755 INFO - Done: [find element: By.cssSelector: input[id=eat-in]]
15:36:45.755 INFO - Executing: [click: 15 [[ChromeDriver: chrome on XP (4b6abc1e1b1fbf4e4d4420e8f248b303)] -> css selector: input[id="eat-in"]]])
15:36:45.815 INFO - Done: [click: 15 [[ChromeDriver: chrome on XP (4b6abc1e1b1fbf4e4d4420e8f248b303)] -> css selector: input[id="eat-in"]]]
15:36:46.819 INFO - Executing: [find element: By.cssSelector: input[id="im-credit"]])
15:36:46.866 INFO - Done: [find element: By.cssSelector: input[id="im-credit"]]
15:36:46.866 INFO - Executing: [is displayed: 16 [[ChromeDriver: chrome on XP (4b6abc1e1b1fbf4e4d4420e8f248b303)] -> css selector: input[id="im-credit"]]])
15:36:46.897 INFO - Done: [is displayed: 16 [[ChromeDriver: chrome on XP (4b6abc1e1b1fbf4e4d4420e8f248b303)] -> css selector: input[id="im-credit"]]]
15:36:46.897 INFO - Executing: [find element: By.cssSelector: input[id=im-credit]])
15:36:46.929 INFO - Done: [find element: By.cssSelector: input[id=im-credit]]
15:36:46.929 INFO - Executing: [click: 16 [[ChromeDriver: chrome on XP (4b6abc1e1b1fbf4e4d4420e8f248b303)] -> css selector: input[id="im-credit"]]])
15:36:46.979 INFO - Done: [click: 16 [[ChromeDriver: chrome on XP (4b6abc1e1b1fbf4e4d4420e8f248b303)] -> css selector: input[id="im-credit"]]]
15:36:47.989 INFO - Executing: [find element: By.cssSelector: button[id="cancel-but"]])
15:36:48.052 INFO - Done: [find element: By.cssSelector: button[id="cancel-but"]]
15:36:48.052 INFO - Executing: [is displayed: 17 [[ChromeDriver: chrome on XP (4b6abc1e1b1fbf4e4d4420e8f248b303)] -> css selector: button[id="cancel-but"]]])
15:36:48.067 INFO - Done: [is displayed: 17 [[ChromeDriver: chrome on XP (4b6abc1e1b1fbf4e4d4420e8f248b303)] -> css selector: button[id="cancel-but"]]]
15:36:48.067 INFO - Executing: [find element: By.cssSelector: button[id=cancel-but]])
15:36:48.083 INFO - Done: [find element: By.cssSelector: button[id=cancel-but]]
15:36:48.083 INFO - Executing: [click: 17 [[ChromeDriver: chrome on XP (4b6abc1e1b1fbf4e4d4420e8f248b303)] -> css selector: button[id="cancel-but"]]])
15:36:48.285 INFO - Done: [click: 17 [[ChromeDriver: chrome on XP (4b6abc1e1b1fbf4e4d4420e8f248b303)] -> css selector: button[id="cancel-but"]]]
15:36:49.291 INFO - Executing: [get title])
15:36:49.310 INFO - Done: [get title]
15:36:49.312 INFO - Executing: [delete session: 58ebdfb1-e61e-4349-acaf-0da9ae9e3fc9])
15:36:50.191 INFO - Done: [delete session: 58ebdfb1-e61e-4349-acaf-0da9ae9e3fc9]
